<?xml version="1.0" encoding="UTF-8"?>
<!-- Generated by org.testng.reporters.JUnitReportReporter -->
<testsuite hostname="DESKTOP-CN5PLH3" failures="0" tests="17" name="com.Runner.TestNGRunner" time="257.594" errors="1" timestamp="2026-08-14T13:51:22 IST" skipped="2">
  <testcase classname="com.Runner.TestNGRunner" name="runScenario" time="18.669">
    <skipped/>
  </testcase> <!-- runScenario -->
  <testcase classname="com.Runner.TestNGRunner" name="runScenario" time="16.412"/>
  <testcase classname="com.Runner.TestNGRunner" name="runScenario" time="20.719"/>
  <testcase classname="com.Runner.TestNGRunner" name="runScenario" time="11.570"/>
  <testcase classname="com.Runner.TestNGRunner" name="runScenario" time="18.247"/>
  <testcase classname="com.Runner.TestNGRunner" name="runScenario" time="10.692"/>
  <testcase classname="com.Runner.TestNGRunner" name="runScenario" time="13.506"/>
  <testcase classname="com.Runner.TestNGRunner" name="runScenario" time="9.758">
    <error message="Index 2 out of bounds for length 2" type="java.lang.ArrayIndexOutOfBoundsException">
      <![CDATA[java.lang.ArrayIndexOutOfBoundsException: Index 2 out of bounds for length 2
at com.StepDefinitions.LoginTest.the_user_leaves_the_user_name_and_password_fields_blank(LoginTest.java:118)
at ✽.the user leaves the userName and password fields blank(file:///D:/Cyclos_Automation_Testing/Cyclos/src/test/resources/Features/Login.feature:40)
]]>
    </error>
  </testcase> <!-- runScenario -->
  <testcase classname="com.Runner.TestNGRunner" name="runScenario" time="9.951"/>
  <testcase classname="com.Runner.TestNGRunner" name="runScenario" time="18.916">
    <skipped/>
  </testcase> <!-- runScenario -->
  <testcase classname="com.Runner.TestNGRunner" name="runScenario" time="17.803"/>
  <testcase classname="com.Runner.TestNGRunner" name="runScenario" time="15.835"/>
  <testcase classname="com.Runner.TestNGRunner" name="runScenario" time="19.047"/>
  <testcase classname="com.Runner.TestNGRunner" name="runScenario" time="21.259"/>
  <testcase classname="com.Runner.TestNGRunner" name="runScenario" time="10.492"/>
  <testcase classname="com.Runner.TestNGRunner" name="runScenario" time="11.057"/>
  <testcase classname="com.Runner.TestNGRunner" name="runScenario" time="13.661"/>
</testsuite> <!-- com.Runner.TestNGRunner -->
