<?xml version="1.0" encoding="UTF-8"?>
<!-- Generated by org.testng.reporters.JUnitReportReporter -->
<testsuite hostname="LAPTOP-3N95FSOV" failures="0" tests="14" name="com.Runner.TestNGRunner" time="277.615" errors="0" timestamp="2026-06-15T16:57:31 IST" skipped="0">
  <testcase classname="com.Runner.TestNGRunner" name="runScenario" time="14.575"/>
  <testcase classname="com.Runner.TestNGRunner" name="runScenario" time="21.174"/>
  <testcase classname="com.Runner.TestNGRunner" name="runScenario" time="20.171"/>
  <testcase classname="com.Runner.TestNGRunner" name="runScenario" time="17.543"/>
  <testcase classname="com.Runner.TestNGRunner" name="runScenario" time="19.014"/>
  <testcase classname="com.Runner.TestNGRunner" name="runScenario" time="15.407"/>
  <testcase classname="com.Runner.TestNGRunner" name="runScenario" time="31.293"/>
  <testcase classname="com.Runner.TestNGRunner" name="runScenario" time="19.899"/>
  <testcase classname="com.Runner.TestNGRunner" name="runScenario" time="17.847"/>
  <testcase classname="com.Runner.TestNGRunner" name="runScenario" time="18.134"/>
  <testcase classname="com.Runner.TestNGRunner" name="runScenario" time="16.715"/>
  <testcase classname="com.Runner.TestNGRunner" name="runScenario" time="19.810"/>
  <testcase classname="com.Runner.TestNGRunner" name="runScenario" time="19.335"/>
  <testcase classname="com.Runner.TestNGRunner" name="runScenario" time="26.698"/>
</testsuite> <!-- com.Runner.TestNGRunner -->
