<?xml version="1.0" encoding="UTF-8"?>
<testng-results ignored="0" total="8" passed="8" failed="0" skipped="0">
  <reporter-output>
  </reporter-output>
  <suite started-at="2026-05-19T10:33:55 IST" name="Default suite" finished-at="2026-05-19T10:34:26 IST" duration-ms="30744">
    <groups>
      <group name="cucumber">
        <method signature="AbstractTestNGCucumberTests.runScenario(io.cucumber.testng.PickleWrapper,io.cucumber.testng.FeatureWrapper)[pri:0, instance:com.Runner.TestNGRunner@6950ed69]" name="runScenario" class="io.cucumber.testng.AbstractTestNGCucumberTests"/>
      </group> <!-- cucumber -->
    </groups>
    <test started-at="2026-05-19T10:33:55 IST" name="Default test" finished-at="2026-05-19T10:34:26 IST" duration-ms="30744">
      <class name="com.Runner.TestNGRunner">
        <test-method is-config="true" signature="setUpClass(org.testng.ITestContext)[pri:0, instance:com.Runner.TestNGRunner@6950ed69]" started-at="2026-05-19T10:33:55 IST" name="setUpClass" finished-at="2026-05-19T10:33:56 IST" duration-ms="754" status="PASS">
          <params>
            <param index="0">
              <value>
                <![CDATA[org.testng.TestRunner@bc09d57]]>
              </value>
            </param>
          </params>
          <reporter-output>
          </reporter-output>
        </test-method> <!-- setUpClass -->
        <test-method signature="runScenario(io.cucumber.testng.PickleWrapper,io.cucumber.testng.FeatureWrapper)[pri:0, instance:com.Runner.TestNGRunner@6950ed69]" started-at="2026-05-19T10:33:56 IST" name="runScenario" description="Runs Cucumber Scenarios" data-provider="scenarios" finished-at="2026-05-19T10:34:21 IST" duration-ms="24584" status="PASS">
          <params>
            <param index="0">
              <value>
                <![CDATA["Login with Blank Username"]]>
              </value>
            </param>
            <param index="1">
              <value>
                <![CDATA["Subathra_14/05/2026_Error_Slayers_Cyclos_UserLogin"]]>
              </value>
            </param>
          </params>
          <reporter-output>
          </reporter-output>
        </test-method> <!-- runScenario -->
        <test-method signature="runScenario(io.cucumber.testng.PickleWrapper,io.cucumber.testng.FeatureWrapper)[pri:0, instance:com.Runner.TestNGRunner@6950ed69]" started-at="2026-05-19T10:33:56 IST" name="runScenario" description="Runs Cucumber Scenarios" data-provider="scenarios" finished-at="2026-05-19T10:34:22 IST" duration-ms="25462" status="PASS">
          <params>
            <param index="0">
              <value>
                <![CDATA["Login with Blank password"]]>
              </value>
            </param>
            <param index="1">
              <value>
                <![CDATA["Subathra_14/05/2026_Error_Slayers_Cyclos_UserLogin"]]>
              </value>
            </param>
          </params>
          <reporter-output>
          </reporter-output>
        </test-method> <!-- runScenario -->
        <test-method signature="runScenario(io.cucumber.testng.PickleWrapper,io.cucumber.testng.FeatureWrapper)[pri:0, instance:com.Runner.TestNGRunner@6950ed69]" started-at="2026-05-19T10:33:56 IST" name="runScenario" description="Runs Cucumber Scenarios" data-provider="scenarios" finished-at="2026-05-19T10:34:21 IST" duration-ms="25164" status="PASS">
          <params>
            <param index="0">
              <value>
                <![CDATA["Login with valid credentials"]]>
              </value>
            </param>
            <param index="1">
              <value>
                <![CDATA["Subathra_14/05/2026_Error_Slayers_Cyclos_UserLogin"]]>
              </value>
            </param>
          </params>
          <reporter-output>
          </reporter-output>
        </test-method> <!-- runScenario -->
        <test-method signature="runScenario(io.cucumber.testng.PickleWrapper,io.cucumber.testng.FeatureWrapper)[pri:0, instance:com.Runner.TestNGRunner@6950ed69]" started-at="2026-05-19T10:33:56 IST" name="runScenario" description="Runs Cucumber Scenarios" data-provider="scenarios" finished-at="2026-05-19T10:34:21 IST" duration-ms="24501" status="PASS">
          <params>
            <param index="0">
              <value>
                <![CDATA["Login with Invalid Credentials"]]>
              </value>
            </param>
            <param index="1">
              <value>
                <![CDATA["Subathra_14/05/2026_Error_Slayers_Cyclos_UserLogin"]]>
              </value>
            </param>
          </params>
          <reporter-output>
          </reporter-output>
        </test-method> <!-- runScenario -->
        <test-method signature="runScenario(io.cucumber.testng.PickleWrapper,io.cucumber.testng.FeatureWrapper)[pri:0, instance:com.Runner.TestNGRunner@6950ed69]" started-at="2026-05-19T10:33:56 IST" name="runScenario" description="Runs Cucumber Scenarios" data-provider="scenarios" finished-at="2026-05-19T10:34:21 IST" duration-ms="25165" status="PASS">
          <params>
            <param index="0">
              <value>
                <![CDATA["Login with Invalid Credentials"]]>
              </value>
            </param>
            <param index="1">
              <value>
                <![CDATA["Subathra_14/05/2026_Error_Slayers_Cyclos_UserLogin"]]>
              </value>
            </param>
          </params>
          <reporter-output>
          </reporter-output>
        </test-method> <!-- runScenario -->
        <test-method signature="runScenario(io.cucumber.testng.PickleWrapper,io.cucumber.testng.FeatureWrapper)[pri:0, instance:com.Runner.TestNGRunner@6950ed69]" started-at="2026-05-19T10:33:56 IST" name="runScenario" description="Runs Cucumber Scenarios" data-provider="scenarios" finished-at="2026-05-19T10:34:22 IST" duration-ms="25466" status="PASS">
          <params>
            <param index="0">
              <value>
                <![CDATA["Login with Invalid Credentials"]]>
              </value>
            </param>
            <param index="1">
              <value>
                <![CDATA["Subathra_14/05/2026_Error_Slayers_Cyclos_UserLogin"]]>
              </value>
            </param>
          </params>
          <reporter-output>
          </reporter-output>
        </test-method> <!-- runScenario -->
        <test-method signature="runScenario(io.cucumber.testng.PickleWrapper,io.cucumber.testng.FeatureWrapper)[pri:0, instance:com.Runner.TestNGRunner@6950ed69]" started-at="2026-05-19T10:33:56 IST" name="runScenario" description="Runs Cucumber Scenarios" data-provider="scenarios" finished-at="2026-05-19T10:34:22 IST" duration-ms="25464" status="PASS">
          <params>
            <param index="0">
              <value>
                <![CDATA["Login With Blank credentials"]]>
              </value>
            </param>
            <param index="1">
              <value>
                <![CDATA["Subathra_14/05/2026_Error_Slayers_Cyclos_UserLogin"]]>
              </value>
            </param>
          </params>
          <reporter-output>
          </reporter-output>
        </test-method> <!-- runScenario -->
        <test-method signature="runScenario(io.cucumber.testng.PickleWrapper,io.cucumber.testng.FeatureWrapper)[pri:0, instance:com.Runner.TestNGRunner@6950ed69]" started-at="2026-05-19T10:33:56 IST" name="runScenario" description="Runs Cucumber Scenarios" data-provider="scenarios" finished-at="2026-05-19T10:34:21 IST" duration-ms="24500" status="PASS">
          <params>
            <param index="0">
              <value>
                <![CDATA["Verify user can perform logout functionality"]]>
              </value>
            </param>
            <param index="1">
              <value>
                <![CDATA["Subathra_14/05/2026_Error_Slayers_Cyclos_UserLogin"]]>
              </value>
            </param>
          </params>
          <reporter-output>
          </reporter-output>
        </test-method> <!-- runScenario -->
        <test-method is-config="true" signature="tearDownClass()[pri:0, instance:com.Runner.TestNGRunner@6950ed69]" started-at="2026-05-19T10:34:22 IST" name="tearDownClass" finished-at="2026-05-19T10:34:26 IST" duration-ms="4469" status="PASS">
          <reporter-output>
          </reporter-output>
        </test-method> <!-- tearDownClass -->
      </class> <!-- com.Runner.TestNGRunner -->
    </test> <!-- Default test -->
  </suite> <!-- Default suite -->
</testng-results>
