<?xml version="1.0" encoding="UTF-8"?>
<testng-results ignored="0" total="5" passed="5" failed="0" skipped="0">
  <reporter-output>
  </reporter-output>
  <suite started-at="2026-05-19T19:41:33 IST" name="Default suite" finished-at="2026-05-19T19:42:10 IST" duration-ms="37745">
    <groups>
      <group name="cucumber">
        <method signature="AbstractTestNGCucumberTests.runScenario(io.cucumber.testng.PickleWrapper,io.cucumber.testng.FeatureWrapper)[pri:0, instance:com.Runner.TestNGRunner@1787bc24]" name="runScenario" class="io.cucumber.testng.AbstractTestNGCucumberTests"/>
      </group> <!-- cucumber -->
    </groups>
    <test started-at="2026-05-19T19:41:33 IST" name="Default test" finished-at="2026-05-19T19:42:10 IST" duration-ms="37745">
      <class name="com.Runner.TestNGRunner">
        <test-method is-config="true" signature="setUpClass(org.testng.ITestContext)[pri:0, instance:com.Runner.TestNGRunner@1787bc24]" started-at="2026-05-19T19:41:33 IST" name="setUpClass" finished-at="2026-05-19T19:41:34 IST" duration-ms="1677" status="PASS">
          <params>
            <param index="0">
              <value>
                <![CDATA[org.testng.TestRunner@cc9ef8d]]>
              </value>
            </param>
          </params>
          <reporter-output>
          </reporter-output>
        </test-method> <!-- setUpClass -->
        <test-method signature="runScenario(io.cucumber.testng.PickleWrapper,io.cucumber.testng.FeatureWrapper)[pri:0, instance:com.Runner.TestNGRunner@1787bc24]" started-at="2026-05-19T19:41:34 IST" name="runScenario" description="Runs Cucumber Scenarios" data-provider="scenarios" finished-at="2026-05-19T19:42:02 IST" duration-ms="28081" status="PASS">
          <params>
            <param index="0">
              <value>
                <![CDATA["Verify keyword search functionality using excel"]]>
              </value>
            </param>
            <param index="1">
              <value>
                <![CDATA["Shobana_16/05/2026_Error_SlayersBusiness Directory Functionality"]]>
              </value>
            </param>
          </params>
          <reporter-output>
          </reporter-output>
        </test-method> <!-- runScenario -->
        <test-method signature="runScenario(io.cucumber.testng.PickleWrapper,io.cucumber.testng.FeatureWrapper)[pri:0, instance:com.Runner.TestNGRunner@1787bc24]" started-at="2026-05-19T19:41:34 IST" name="runScenario" description="Runs Cucumber Scenarios" data-provider="scenarios" finished-at="2026-05-19T19:42:06 IST" duration-ms="31486" status="PASS">
          <params>
            <param index="0">
              <value>
                <![CDATA["Verify business directory grid view functionality using data table"]]>
              </value>
            </param>
            <param index="1">
              <value>
                <![CDATA["Shobana_16/05/2026_Error_SlayersBusiness Directory Functionality"]]>
              </value>
            </param>
          </params>
          <reporter-output>
          </reporter-output>
        </test-method> <!-- runScenario -->
        <test-method signature="runScenario(io.cucumber.testng.PickleWrapper,io.cucumber.testng.FeatureWrapper)[pri:0, instance:com.Runner.TestNGRunner@1787bc24]" started-at="2026-05-19T19:41:34 IST" name="runScenario" description="Runs Cucumber Scenarios" data-provider="scenarios" finished-at="2026-05-19T19:42:06 IST" duration-ms="31625" status="PASS">
          <params>
            <param index="0">
              <value>
                <![CDATA["Verify ascending order functionality"]]>
              </value>
            </param>
            <param index="1">
              <value>
                <![CDATA["Shobana_16/05/2026_Error_SlayersBusiness Directory Functionality"]]>
              </value>
            </param>
          </params>
          <reporter-output>
          </reporter-output>
        </test-method> <!-- runScenario -->
        <test-method signature="runScenario(io.cucumber.testng.PickleWrapper,io.cucumber.testng.FeatureWrapper)[pri:0, instance:com.Runner.TestNGRunner@1787bc24]" started-at="2026-05-19T19:41:34 IST" name="runScenario" description="Runs Cucumber Scenarios" data-provider="scenarios" finished-at="2026-05-19T19:42:06 IST" duration-ms="31322" status="PASS">
          <params>
            <param index="0">
              <value>
                <![CDATA["Verify business directory list view functionality using data table"]]>
              </value>
            </param>
            <param index="1">
              <value>
                <![CDATA["Shobana_16/05/2026_Error_SlayersBusiness Directory Functionality"]]>
              </value>
            </param>
          </params>
          <reporter-output>
          </reporter-output>
        </test-method> <!-- runScenario -->
        <test-method signature="runScenario(io.cucumber.testng.PickleWrapper,io.cucumber.testng.FeatureWrapper)[pri:0, instance:com.Runner.TestNGRunner@1787bc24]" started-at="2026-05-19T19:41:34 IST" name="runScenario" description="Runs Cucumber Scenarios" data-provider="scenarios" finished-at="2026-05-19T19:42:06 IST" duration-ms="31562" status="PASS">
          <params>
            <param index="0">
              <value>
                <![CDATA["Verify descending order functionality"]]>
              </value>
            </param>
            <param index="1">
              <value>
                <![CDATA["Shobana_16/05/2026_Error_SlayersBusiness Directory Functionality"]]>
              </value>
            </param>
          </params>
          <reporter-output>
          </reporter-output>
        </test-method> <!-- runScenario -->
        <test-method is-config="true" signature="tearDownClass()[pri:0, instance:com.Runner.TestNGRunner@1787bc24]" started-at="2026-05-19T19:42:06 IST" name="tearDownClass" finished-at="2026-05-19T19:42:10 IST" duration-ms="4341" status="PASS">
          <reporter-output>
          </reporter-output>
        </test-method> <!-- tearDownClass -->
      </class> <!-- com.Runner.TestNGRunner -->
    </test> <!-- Default test -->
  </suite> <!-- Default suite -->
</testng-results>
